<?xml version="1.0" encoding="UTF-8"?>
<testsuite xmlns:xsi="http://www.w3.org/2001/XMLSchema-instance" xsi:noNamespaceSchemaLocation="https://maven.apache.org/surefire/maven-surefire-plugin/xsd/surefire-test-report-3.0.xsd" version="3.0" name="ticketbooking.test.ticket.TicketRepositoryTest" time="0.169" tests="3" errors="0" skipped="0" failures="0">
  <properties>
[...]
</properties>
  <testcase name="testAvailableTickets" classname="ticketbooking.test.ticket.TicketRepositoryTest" time="0.085"/>
  <testcase name="testSoldTickets" classname="ticketbooking.test.ticket.TicketRepositoryTest" time="0.04"/>
  <testcase name="testFindAllTickets" classname="ticketbooking.test.ticket.TicketRepositoryTest" time="0.029"/>
</testsuite>